<?xml version="1.0" encoding="UTF-8"?>
<!-- Generated by org.testng.reporters.JUnitXMLReporter -->
<testsuite ignored="0" hostname="DESKTOP-LDIGLJI" failures="1" tests="3" name="errorValidation" time="82.455" errors="0" timestamp="2024-08-21T18:52:29 EDT">
  <testcase classname="FrameworkProjectTests.errorValidation" name="LoginValidation" time="5.117">
    <skipped/>
  </testcase> <!-- LoginValidation -->
  <testcase classname="FrameworkProjectTests.errorValidation" name="LoginValidation" time="2.995">
    <failure type="org.junit.ComparisonFailure" message="expected:&amp;lt;Incorrect email [] password.&amp;gt; but was:&amp;lt;Incorrect email [or] password.&amp;gt;">
      <![CDATA[org.junit.ComparisonFailure: expected:<Incorrect email [] password.> but was:<Incorrect email [or] password.>
at org.junit.Assert.assertEquals(Assert.java:115)
at org.junit.Assert.assertEquals(Assert.java:144)
at FrameworkProjectTests.errorValidation.LoginValidation(errorValidation.java:37)
at java.base/java.util.ArrayList.forEach(ArrayList.java:1596)
at java.base/java.util.concurrent.FutureTask.run(FutureTask.java:317)
at java.base/java.util.concurrent.ThreadPoolExecutor.runWorker(ThreadPoolExecutor.java:1144)
at java.base/java.util.concurrent.ThreadPoolExecutor$Worker.run(ThreadPoolExecutor.java:642)
at java.base/java.lang.Thread.run(Thread.java:1583)
... Removed 15 stack frames]]>
    </failure>
  </testcase> <!-- LoginValidation -->
  <testcase classname="FrameworkProjectTests.errorValidation" name="productErrorValidation" time="10.698"/>
</testsuite> <!-- errorValidation -->
