<?xml version="1.0" encoding="UTF-8"?>
<!-- Generated by org.testng.reporters.JUnitXMLReporter -->
<testsuite ignored="0" hostname="DESKTOP-LDIGLJI" failures="1" tests="3" name="Submitorder" time="87.908" errors="0" timestamp="2024-08-21T18:52:32 EDT">
  <testcase classname="FrameworkProjectTests.SubmitOrderTest" name="Submitorder" time="18.012"/>
  <testcase classname="FrameworkProjectTests.SubmitOrderTest" name="Submitorder" time="32.441">
    <failure type="java.lang.AssertionError">
      <![CDATA[java.lang.AssertionError
at org.junit.Assert.fail(Assert.java:86)
at org.junit.Assert.assertTrue(Assert.java:41)
at org.junit.Assert.assertTrue(Assert.java:52)
at FrameworkProjectTests.SubmitOrderTest.Submitorder(SubmitOrderTest.java:45)
at java.base/java.util.ArrayList.forEach(ArrayList.java:1596)
at java.base/java.util.concurrent.FutureTask.run(FutureTask.java:317)
at java.base/java.util.concurrent.ThreadPoolExecutor.runWorker(ThreadPoolExecutor.java:1144)
at java.base/java.util.concurrent.ThreadPoolExecutor$Worker.run(ThreadPoolExecutor.java:642)
at java.base/java.lang.Thread.run(Thread.java:1583)
... Removed 15 stack frames]]>
    </failure>
  </testcase> <!-- Submitorder -->
  <testcase classname="FrameworkProjectTests.SubmitOrderTest" name="OrderPage" time="0.001">
    <skipped/>
  </testcase> <!-- OrderPage -->
</testsuite> <!-- Submitorder -->
