<?xml version="1.0" encoding="UTF-8"?>
<!-- Generated by org.testng.reporters.JUnitXMLReporter -->
<testsuite ignored="0" hostname="DESKTOP-LDIGLJI" failures="0" tests="2" name="errorValidation" time="53.86" errors="0" timestamp="2024-08-22T00:27:41 EDT">
  <testcase classname="FrameworkProjectTests.errorValidation" name="LoginValidation" time="5.153"/>
  <testcase classname="FrameworkProjectTests.errorValidation" name="productErrorValidation" time="17.866"/>
</testsuite> <!-- errorValidation -->
