<?xml version="1.0" encoding="UTF-8"?>
<!-- Generated by org.testng.reporters.JUnitXMLReporter -->
<testsuite ignored="0" hostname="DESKTOP-LDIGLJI" failures="0" tests="3" name="Submitorder" time="80.407" errors="0" timestamp="2024-08-22T00:28:04 EDT">
  <testcase classname="FrameworkProjectTests.SubmitOrderTest" name="Submitorder" time="20.449"/>
  <testcase classname="FrameworkProjectTests.SubmitOrderTest" name="Submitorder" time="26.645"/>
  <testcase classname="FrameworkProjectTests.SubmitOrderTest" name="OrderPage" time="5.781"/>
</testsuite> <!-- Submitorder -->
